<?xml version="1.0" encoding="UTF-8"?>
<!-- Generated by org.testng.reporters.JUnitReportReporter -->
<testsuite skipped="0" hostname="DESKTOP-6A7OV8R" name="com.test1.tests.SimpleTest" tests="1" failures="0" timestamp="26 May 2019 19:26:03 GMT" time="2.387" errors="0">
  <testcase name="test_Home_Page_Appear_Correct" time="2.387" classname="com.test1.tests.SimpleTest"/>
</testsuite> <!-- com.test1.tests.SimpleTest -->
